2021-08-24 22:09:37,024 ERROR: Exception on /reset_password_request [GET] [in C:\Users\kushwaha\Documents\cs50 Web\microblog\venv\lib\site-packages\flask\app.py:1454]
Traceback (most recent call last):
  File "C:\Users\kushwaha\Documents\cs50 Web\microblog\venv\lib\site-packages\flask\app.py", line 2070, in wsgi_app
    response = self.full_dispatch_request()
  File "C:\Users\kushwaha\Documents\cs50 Web\microblog\venv\lib\site-packages\flask\app.py", line 1515, in full_dispatch_request
    rv = self.handle_user_exception(e)
  File "C:\Users\kushwaha\Documents\cs50 Web\microblog\venv\lib\site-packages\flask\app.py", line 1513, in full_dispatch_request
    rv = self.dispatch_request()
  File "C:\Users\kushwaha\Documents\cs50 Web\microblog\venv\lib\site-packages\flask\app.py", line 1499, in dispatch_request
    return self.ensure_sync(self.view_functions[rule.endpoint])(**req.view_args)
  File "C:\Users\kushwaha\Documents\cs50 Web\microblog\app\routes.py", line 173, in reset_password_request
    return render_template('reset_password_request.html', title='Reset Password',form=form)
  File "C:\Users\kushwaha\Documents\cs50 Web\microblog\venv\lib\site-packages\flask\templating.py", line 148, in render_template
    ctx.app.jinja_env.get_or_select_template(template_name_or_list),
  File "C:\Users\kushwaha\Documents\cs50 Web\microblog\venv\lib\site-packages\jinja2\environment.py", line 1068, in get_or_select_template
    return self.get_template(template_name_or_list, parent, globals)
  File "C:\Users\kushwaha\Documents\cs50 Web\microblog\venv\lib\site-packages\jinja2\environment.py", line 997, in get_template
    return self._load_template(name, globals)
  File "C:\Users\kushwaha\Documents\cs50 Web\microblog\venv\lib\site-packages\jinja2\environment.py", line 958, in _load_template
    template = self.loader.load(self, name, self.make_globals(globals))
  File "C:\Users\kushwaha\Documents\cs50 Web\microblog\venv\lib\site-packages\jinja2\loaders.py", line 137, in load
    code = environment.compile(source, name, filename)
  File "C:\Users\kushwaha\Documents\cs50 Web\microblog\venv\lib\site-packages\jinja2\environment.py", line 757, in compile
    self.handle_exception(source=source_hint)
  File "C:\Users\kushwaha\Documents\cs50 Web\microblog\venv\lib\site-packages\jinja2\environment.py", line 925, in handle_exception
    raise rewrite_traceback_stack(source=source)
  File "C:\Users\kushwaha\Documents\cs50 Web\microblog\app\templates\reset_password_request.html", line 1, in template
    {% extends "base.html"}
jinja2.exceptions.TemplateSyntaxError: unexpected '}'
2021-08-24 22:10:20,705 INFO: Microblog startup [in C:\Users\kushwaha\Documents\cs50 Web\microblog\app\__init__.py:47]
